  [1m[35m (1886.6ms)[0m  [1m[35mCREATE DATABASE "baukis2_development" ENCODING = 'unicode'[0m
  [1m[35m (1741.2ms)[0m  [1m[35mCREATE DATABASE "baukis2_test" ENCODING = 'unicode'[0m
DEPRECATION WARNING: The config.web_console.whitelisted_ips is deprecated and will be ignored in future release of web_console. Please use config.web_console.allowed_ips instead. (called from <main> at /apps/baukis2/config/environment.rb:5)
Started GET "/" for 172.19.0.1 at 2021-02-19 16:27:16 +0000
Processing by Rails::WelcomeController#index as HTML
  Rendering /usr/local/bundle/gems/railties-6.0.3.5/lib/rails/templates/rails/welcome/index.html.erb
  Rendered /usr/local/bundle/gems/railties-6.0.3.5/lib/rails/templates/rails/welcome/index.html.erb (Duration: 16.6ms | Allocations: 467)
Completed 200 OK in 85ms (Views: 48.2ms | ActiveRecord: 0.0ms | Allocations: 2714)


DEPRECATION WARNING: The config.web_console.whitelisted_ips is deprecated and will be ignored in future release of web_console. Please use config.web_console.allowed_ips instead. (called from <main> at /apps/baukis2/config/environment.rb:5)
DEPRECATION WARNING: The config.web_console.whitelisted_ips is deprecated and will be ignored in future release of web_console. Please use config.web_console.allowed_ips instead. (called from <main> at /apps/baukis2/config/environment.rb:5)
DEPRECATION WARNING: The config.web_console.whitelisted_ips is deprecated and will be ignored in future release of web_console. Please use config.web_console.allowed_ips instead. (called from <main> at /apps/baukis2/config/environment.rb:5)
Started GET "/staff" for 172.19.0.1 at 2021-02-19 17:45:01 +0000
Processing by Staff::TopController#index as HTML
  Rendering staff/top/index.html.erb within layouts/application
  Rendered staff/top/index.html.erb within layouts/application (Duration: 15.2ms | Allocations: 235)
[Webpacker] Compiling...
[Webpacker] Compiled all packs in /apps/baukis2/public/packs
[Webpacker] Hash: f86639f4459f31b34f60
Version: webpack 4.46.0
Time: 7133ms
Built at: 02/19/2021 5:45:15 PM
                                     Asset       Size       Chunks                         Chunk Names
    js/application-07e792d2b65403c647a1.js    124 KiB  application  [emitted] [immutable]  application
js/application-07e792d2b65403c647a1.js.map    139 KiB  application  [emitted] [dev]        application
                             manifest.json  364 bytes               [emitted]              
Entrypoint application = js/application-07e792d2b65403c647a1.js js/application-07e792d2b65403c647a1.js.map
[./app/javascript/channels sync recursive _channel\.js$] ./app/javascript/channels sync _channel\.js$ 160 bytes {application} [built]
[./app/javascript/channels/index.js] 211 bytes {application} [built]
[./app/javascript/packs/application.js] 749 bytes {application} [built]
[./node_modules/webpack/buildin/module.js] (webpack)/buildin/module.js 552 bytes {application} [built]
    + 3 hidden modules

Completed 200 OK in 13674ms (Views: 13665.0ms | ActiveRecord: 0.0ms | Allocations: 14682)


Started GET "/admin" for 172.19.0.1 at 2021-02-19 17:45:20 +0000
Processing by Admin::TopController#index as HTML
  Rendering admin/top/index.html.erb within layouts/application
  Rendered admin/top/index.html.erb within layouts/application (Duration: 4.2ms | Allocations: 111)
[Webpacker] Everything's up-to-date. Nothing to do
Completed 200 OK in 64ms (Views: 63.1ms | ActiveRecord: 0.0ms | Allocations: 3909)


Started GET "/customer" for 172.19.0.1 at 2021-02-19 17:45:24 +0000
Processing by Customer::TopController#index as HTML
  Rendering customer/top/index.html.erb within layouts/application
  Rendered customer/top/index.html.erb within layouts/application (Duration: 4.0ms | Allocations: 110)
[Webpacker] Everything's up-to-date. Nothing to do
Completed 200 OK in 59ms (Views: 57.8ms | ActiveRecord: 0.0ms | Allocations: 3903)


Started GET "/staff" for 172.19.0.1 at 2021-02-19 17:45:30 +0000
Processing by Staff::TopController#index as HTML
  Rendering staff/top/index.html.erb within layouts/application
  Rendered staff/top/index.html.erb within layouts/application (Duration: 0.1ms | Allocations: 7)
[Webpacker] Everything's up-to-date. Nothing to do
Completed 200 OK in 64ms (Views: 62.9ms | ActiveRecord: 0.0ms | Allocations: 3213)


Started GET "/staff" for 172.19.0.1 at 2021-02-19 17:58:40 +0000
Processing by Staff::TopController#index as HTML
  Rendering staff/top/index.html.erb within layouts/application
  Rendered staff/top/index.html.erb within layouts/application (Duration: 3.7ms | Allocations: 113)
[Webpacker] Everything's up-to-date. Nothing to do
  Rendered shared/_header.html.erb (Duration: 5.3ms | Allocations: 85)
  Rendered shared/_footer.html.erb (Duration: 4.1ms | Allocations: 84)
Completed 200 OK in 94ms (Views: 91.8ms | ActiveRecord: 0.0ms | Allocations: 4973)


Started GET "/admin" for 172.19.0.1 at 2021-02-19 17:58:53 +0000
Processing by Admin::TopController#index as HTML
  Rendering admin/top/index.html.erb within layouts/application
  Rendered admin/top/index.html.erb within layouts/application (Duration: 2.3ms | Allocations: 107)
[Webpacker] Everything's up-to-date. Nothing to do
  Rendered shared/_header.html.erb (Duration: 0.1ms | Allocations: 6)
  Rendered shared/_footer.html.erb (Duration: 0.0ms | Allocations: 5)
Completed 200 OK in 47ms (Views: 46.6ms | ActiveRecord: 0.0ms | Allocations: 4089)


Started GET "/admin" for 172.19.0.1 at 2021-02-19 18:01:13 +0000
Processing by Admin::TopController#index as HTML
  Rendering admin/top/index.html.erb within layouts/application
  Rendered admin/top/index.html.erb within layouts/application (Duration: 2.0ms | Allocations: 107)
[Webpacker] Everything's up-to-date. Nothing to do
  Rendered shared/_header.html.erb (Duration: 1.2ms | Allocations: 82)
  Rendered shared/_footer.html.erb (Duration: 1.4ms | Allocations: 81)
Completed 200 OK in 56ms (Views: 55.4ms | ActiveRecord: 0.0ms | Allocations: 4913)


DEPRECATION WARNING: The config.web_console.whitelisted_ips is deprecated and will be ignored in future release of web_console. Please use config.web_console.allowed_ips instead. (called from <main> at /apps/baukis2/config/environment.rb:5)
DEPRECATION WARNING: The config.web_console.whitelisted_ips is deprecated and will be ignored in future release of web_console. Please use config.web_console.allowed_ips instead. (called from <main> at /apps/baukis2/config/environment.rb:5)
DEPRECATION WARNING: The config.web_console.whitelisted_ips is deprecated and will be ignored in future release of web_console. Please use config.web_console.allowed_ips instead. (called from <main> at /apps/baukis2/config/environment.rb:5)
Started GET "/staff" for 172.19.0.1 at 2021-02-20 01:03:34 +0000
Processing by Staff::TopController#index as HTML
  Rendering staff/top/index.html.erb within layouts/staff
  Rendered staff/top/index.html.erb within layouts/staff (Duration: 2.6ms | Allocations: 233)
[Webpacker] Everything's up-to-date. Nothing to do
  Rendered shared/_header.html.erb (Duration: 1.9ms | Allocations: 85)
  Rendered shared/_footer.html.erb (Duration: 2.0ms | Allocations: 84)
Completed 200 OK in 540ms (Views: 535.9ms | ActiveRecord: 0.0ms | Allocations: 14618)


Started GET "/staff" for 172.19.0.1 at 2021-02-20 01:04:16 +0000
Processing by Staff::TopController#index as HTML
  Rendering staff/top/index.html.erb
  Rendered staff/top/index.html.erb (Duration: 0.1ms | Allocations: 7)
Completed 200 OK in 7ms (Views: 6.4ms | ActiveRecord: 0.0ms | Allocations: 1786)


Started GET "/staff" for 172.19.0.1 at 2021-02-20 01:04:26 +0000
Processing by Staff::TopController#index as HTML
  Rendering staff/top/index.html.erb within layouts/staff
  Rendered staff/top/index.html.erb within layouts/staff (Duration: 0.1ms | Allocations: 7)
[Webpacker] Everything's up-to-date. Nothing to do
  Rendered shared/_header.html.erb (Duration: 0.0ms | Allocations: 6)
  Rendered shared/_footer.html.erb (Duration: 0.0ms | Allocations: 5)
Completed 200 OK in 45ms (Views: 44.1ms | ActiveRecord: 0.0ms | Allocations: 3609)


Started GET "/staff" for 172.19.0.1 at 2021-02-20 01:06:21 +0000
Processing by Staff::TopController#index as HTML
  Rendering staff/top/index.html.erb within layouts/staff
  Rendered staff/top/index.html.erb within layouts/staff (Duration: 0.1ms | Allocations: 7)
[Webpacker] Everything's up-to-date. Nothing to do
  Rendered shared/_header.html.erb (Duration: 0.0ms | Allocations: 6)
  Rendered shared/_footer.html.erb (Duration: 0.0ms | Allocations: 5)
Completed 200 OK in 324ms (Views: 322.6ms | ActiveRecord: 0.0ms | Allocations: 10412)


Started GET "/staff" for 172.19.0.1 at 2021-02-20 01:08:48 +0000
Processing by Staff::TopController#index as HTML
  Rendering staff/top/index.html.erb within layouts/staff
  Rendered staff/top/index.html.erb within layouts/staff (Duration: 0.1ms | Allocations: 7)
[Webpacker] Everything's up-to-date. Nothing to do
  Rendered shared/_header.html.erb (Duration: 0.0ms | Allocations: 6)
  Rendered shared/_footer.html.erb (Duration: 0.0ms | Allocations: 5)
Completed 200 OK in 330ms (Views: 328.6ms | ActiveRecord: 0.0ms | Allocations: 12121)


Started GET "/staff" for 172.19.0.1 at 2021-02-20 01:13:45 +0000
Processing by Staff::TopController#index as HTML
  Rendering staff/top/index.html.erb within layouts/staff
  Rendered staff/top/index.html.erb within layouts/staff (Duration: 0.1ms | Allocations: 6)
Completed 500 Internal Server Error in 236ms (ActiveRecord: 0.0ms | Allocations: 9183)


  
ActionView::Template::Error (Error: Undefined variable: "$very-dark-cyan".
        on line 8:31 of app/assets/stylesheets/staff/container.scss
>>             background-color: $very_dark_cyan;

   ------------------------------^
):
     5:     <%= csrf_meta_tags %>
     6:     <%= csp_meta_tag %>
     7: 
     8:     <%= stylesheet_link_tag "staff", media: "all", "data-turbolinks-track": true %>
     9:     <%= javascript_pack_tag "application", "data-turbolinks-track": "reload" %>
    10:   </head>
    11: 
  
app/assets/stylesheets/staff/container.scss:8
app/views/layouts/staff.html.erb:8
app/controllers/staff/top_controller.rb:3:in `index'
Started GET "/staff" for 172.19.0.1 at 2021-02-20 01:14:06 +0000
Processing by Staff::TopController#index as HTML
  Rendering staff/top/index.html.erb within layouts/staff
  Rendered staff/top/index.html.erb within layouts/staff (Duration: 0.1ms | Allocations: 6)
[Webpacker] Everything's up-to-date. Nothing to do
  Rendered shared/_header.html.erb (Duration: 0.1ms | Allocations: 6)
  Rendered shared/_footer.html.erb (Duration: 0.0ms | Allocations: 5)
Completed 200 OK in 418ms (Views: 416.6ms | ActiveRecord: 0.0ms | Allocations: 14116)


Started GET "/staff" for 172.19.0.1 at 2021-02-20 01:19:18 +0000
Processing by Staff::TopController#index as HTML
  Rendering staff/top/index.html.erb within layouts/staff
  Rendered staff/top/index.html.erb within layouts/staff (Duration: 0.1ms | Allocations: 6)
[Webpacker] Everything's up-to-date. Nothing to do
  Rendered shared/_header.html.erb (Duration: 0.0ms | Allocations: 6)
  Rendered shared/_footer.html.erb (Duration: 0.0ms | Allocations: 5)
Completed 200 OK in 508ms (Views: 507.1ms | ActiveRecord: 0.0ms | Allocations: 16289)


DEPRECATION WARNING: The config.web_console.whitelisted_ips is deprecated and will be ignored in future release of web_console. Please use config.web_console.allowed_ips instead. (called from <main> at /apps/baukis2/config/environment.rb:5)
DEPRECATION WARNING: The config.web_console.whitelisted_ips is deprecated and will be ignored in future release of web_console. Please use config.web_console.allowed_ips instead. (called from <main> at /apps/baukis2/config/environment.rb:5)
DEPRECATION WARNING: The config.web_console.whitelisted_ips is deprecated and will be ignored in future release of web_console. Please use config.web_console.allowed_ips instead. (called from <main> at /apps/baukis2/config/environment.rb:5)
Started GET "/staff" for 172.19.0.1 at 2021-02-20 01:42:20 +0000
Processing by Staff::TopController#index as HTML
  Rendering staff/top/index.html.erb within layouts/staff
  Rendered staff/top/index.html.erb within layouts/staff (Duration: 3.7ms | Allocations: 233)
[Webpacker] Everything's up-to-date. Nothing to do
  Rendered shared/_header.html.erb (Duration: 1.8ms | Allocations: 85)
  Rendered shared/_footer.html.erb (Duration: 2.3ms | Allocations: 84)
Completed 200 OK in 181ms (Views: 175.1ms | ActiveRecord: 0.0ms | Allocations: 11227)


DEPRECATION WARNING: The config.web_console.whitelisted_ips is deprecated and will be ignored in future release of web_console. Please use config.web_console.allowed_ips instead. (called from <main> at /apps/baukis2/config/environment.rb:5)
Started GET "/staff" for 172.19.0.1 at 2021-02-20 01:46:43 +0000
Processing by Staff::TopController#index as HTML
  Rendering staff/top/index.html.erb within layouts/staff
  Rendered staff/top/index.html.erb within layouts/staff (Duration: 0.1ms | Allocations: 7)
[Webpacker] Everything's up-to-date. Nothing to do
  Rendered shared/_header.html.erb (Duration: 0.0ms | Allocations: 6)
  Rendered shared/_footer.html.erb (Duration: 0.0ms | Allocations: 5)
Completed 200 OK in 62ms (Views: 61.1ms | ActiveRecord: 0.0ms | Allocations: 3726)


Started GET "/admin" for 172.19.0.1 at 2021-02-20 01:46:45 +0000
Processing by Admin::TopController#index as HTML
Completed 500 Internal Server Error in 10ms (ActiveRecord: 0.0ms | Allocations: 2390)


  
ActionView::MissingTemplate (Missing template layouts/admin with {:locale=>[:ja], :formats=>[:html], :variants=>[], :handlers=>[:raw, :erb, :html, :builder, :ruby, :jbuilder]}. Searched in:
  * "/apps/baukis2/app/views"
  * "/usr/local/bundle/gems/kaminari-core-1.2.1/app/views"
  * "/usr/local/bundle/gems/actiontext-6.0.3.5/app/views"
  * "/usr/local/bundle/gems/actionmailbox-6.0.3.5/app/views"
):
  
app/controllers/admin/top_controller.rb:3:in `index'
Started GET "/staff" for 172.19.0.1 at 2021-02-20 01:46:56 +0000
Processing by Staff::TopController#index as HTML
  Rendering staff/top/index.html.erb within layouts/staff
  Rendered staff/top/index.html.erb within layouts/staff (Duration: 0.1ms | Allocations: 6)
[Webpacker] Everything's up-to-date. Nothing to do
  Rendered shared/_header.html.erb (Duration: 0.0ms | Allocations: 6)
  Rendered shared/_footer.html.erb (Duration: 0.0ms | Allocations: 5)
Completed 200 OK in 60ms (Views: 58.7ms | ActiveRecord: 0.0ms | Allocations: 3738)


Started GET "/staff" for 172.19.0.1 at 2021-02-20 01:48:12 +0000
Processing by Staff::TopController#index as HTML
  Rendering staff/top/index.html.erb within layouts/staff
  Rendered staff/top/index.html.erb within layouts/staff (Duration: 0.1ms | Allocations: 6)
[Webpacker] Everything's up-to-date. Nothing to do
  Rendered shared/_header.html.erb (Duration: 0.0ms | Allocations: 6)
  Rendered shared/_footer.html.erb (Duration: 0.0ms | Allocations: 5)
Completed 200 OK in 47ms (Views: 46.5ms | ActiveRecord: 0.0ms | Allocations: 3697)


Started GET "/admin" for 172.19.0.1 at 2021-02-20 01:48:14 +0000
Processing by Admin::TopController#index as HTML
Completed 500 Internal Server Error in 1ms (ActiveRecord: 0.0ms | Allocations: 886)


  
ActionView::MissingTemplate (Missing template layouts/admin with {:locale=>[:ja], :formats=>[:html], :variants=>[], :handlers=>[:raw, :erb, :html, :builder, :ruby, :jbuilder]}. Searched in:
  * "/apps/baukis2/app/views"
  * "/usr/local/bundle/gems/kaminari-core-1.2.1/app/views"
  * "/usr/local/bundle/gems/actiontext-6.0.3.5/app/views"
  * "/usr/local/bundle/gems/actionmailbox-6.0.3.5/app/views"
):
  
app/controllers/admin/top_controller.rb:3:in `index'
Started GET "/admin" for 172.19.0.1 at 2021-02-20 01:49:29 +0000
Processing by Admin::TopController#index as HTML
  Rendering admin/top/index.html.erb within layouts/admin
  Rendered admin/top/index.html.erb within layouts/admin (Duration: 3.8ms | Allocations: 111)
Completed 500 Internal Server Error in 211ms (ActiveRecord: 0.0ms | Allocations: 7364)


  
ActionView::Template::Error (Error: Undefined variable: "$dark-cyan".
        on line 11:28 of app/assets/stylesheets/admin/_colors.scss
>> $very_dark_magenta: darken($dark_cyan, 25%);

   ---------------------------^
):
     5:     <%= csrf_meta_tags %>
     6:     <%= csp_meta_tag %>
     7: 
     8:     <%= stylesheet_link_tag "admin", media: "all", "data-turbolinks-track": true %>
     9:     <%= javascript_pack_tag "application", "data-turbolinks-track": "reload" %>
    10:   </head>
    11: 
  
app/assets/stylesheets/admin/_colors.scss:11
app/views/layouts/admin.html.erb:8
app/controllers/admin/top_controller.rb:3:in `index'
Started GET "/admin" for 172.19.0.1 at 2021-02-20 01:49:42 +0000
Processing by Admin::TopController#index as HTML
  Rendering admin/top/index.html.erb within layouts/admin
  Rendered admin/top/index.html.erb within layouts/admin (Duration: 0.1ms | Allocations: 6)
[Webpacker] Everything's up-to-date. Nothing to do
  Rendered shared/_header.html.erb (Duration: 1.1ms | Allocations: 82)
  Rendered shared/_footer.html.erb (Duration: 1.3ms | Allocations: 81)
Completed 200 OK in 701ms (Views: 700.2ms | ActiveRecord: 0.0ms | Allocations: 20580)


Started GET "/admin" for 172.19.0.1 at 2021-02-20 01:52:29 +0000
Processing by Admin::TopController#index as HTML
  Rendering admin/top/index.html.erb within layouts/admin
  Rendered admin/top/index.html.erb within layouts/admin (Duration: 2.5ms | Allocations: 107)
[Webpacker] Everything's up-to-date. Nothing to do
  Rendered shared/_header.html.erb (Duration: 2.0ms | Allocations: 82)
  Rendered shared/_footer.html.erb (Duration: 1.6ms | Allocations: 81)
Completed 200 OK in 84ms (Views: 83.7ms | ActiveRecord: 0.0ms | Allocations: 4895)


Started GET "/customer" for 172.19.0.1 at 2021-02-20 01:52:34 +0000
Processing by Customer::TopController#index as HTML
  Rendering customer/top/index.html.erb within layouts/customer
  Rendered customer/top/index.html.erb within layouts/customer (Duration: 2.6ms | Allocations: 109)
[Webpacker] Everything's up-to-date. Nothing to do
  Rendered shared/_header.html.erb (Duration: 0.1ms | Allocations: 6)
  Rendered shared/_footer.html.erb (Duration: 0.0ms | Allocations: 5)
Completed 200 OK in 710ms (Views: 709.0ms | ActiveRecord: 0.0ms | Allocations: 23391)


DEPRECATION WARNING: The config.web_console.whitelisted_ips is deprecated and will be ignored in future release of web_console. Please use config.web_console.allowed_ips instead. (called from <main> at /apps/baukis2/config/environment.rb:5)
DEPRECATION WARNING: The config.web_console.whitelisted_ips is deprecated and will be ignored in future release of web_console. Please use config.web_console.allowed_ips instead. (called from <main> at /apps/baukis2/config/environment.rb:5)
DEPRECATION WARNING: The config.web_console.whitelisted_ips is deprecated and will be ignored in future release of web_console. Please use config.web_console.allowed_ips instead. (called from <main> at /apps/baukis2/config/environment.rb:5)
DEPRECATION WARNING: The config.web_console.whitelisted_ips is deprecated and will be ignored in future release of web_console. Please use config.web_console.allowed_ips instead. (called from <main> at /apps/baukis2/config/environment.rb:5)
DEPRECATION WARNING: The config.web_console.whitelisted_ips is deprecated and will be ignored in future release of web_console. Please use config.web_console.allowed_ips instead. (called from <main> at /apps/baukis2/config/environment.rb:5)
Started GET "/staff" for 172.19.0.1 at 2021-02-20 09:14:26 +0000
Processing by Staff::TopController#index as HTML
  Rendering errors/internal_server_error.html.erb within layouts/staff
  Rendered errors/internal_server_error.html.erb within layouts/staff (Duration: 5.8ms | Allocations: 205)
[Webpacker] Everything's up-to-date. Nothing to do
  Rendered shared/_header.html.erb (Duration: 3.5ms | Allocations: 85)
  Rendered shared/_footer.html.erb (Duration: 4.6ms | Allocations: 84)
Completed 500 Internal Server Error in 505ms (Views: 498.3ms | ActiveRecord: 0.0ms | Allocations: 20878)


Started GET "/admin" for 172.19.0.1 at 2021-02-20 09:14:39 +0000
Processing by Admin::TopController#index as HTML
  Rendering errors/forbidden.html.erb within layouts/admin
  Rendered errors/forbidden.html.erb within layouts/admin (Duration: 13.9ms | Allocations: 2832)
Completed 500 Internal Server Error in 21ms (ActiveRecord: 0.0ms | Allocations: 3912)


  
ActionView::Template::Error (uninitialized constant ApplicationController::IpAdressRejected
Did you mean?  ApplicationController::IpAddressRejected):
    3:     <p>
    4:         <%= 
    5:             case @exception
    6:             when ApplicationController::IpAdressRejected
    7:                 "ã‚ãªãŸã®IPã‚¢ãƒ‰ãƒ¬ã‚¹ï¼ˆ#{request.ip}ï¼‰ã‹ã‚‰ã¯åˆ©ç”¨ã§ãã¾ã›ã‚“ã€‚"
    8: 
    9:             else
  
app/views/errors/forbidden.html.erb:6
app/controllers/application_controller.rb:21:in `rescue403'
Started GET "/admin" for 172.19.0.1 at 2021-02-20 09:15:43 +0000
Processing by Admin::TopController#index as HTML
  Rendering errors/forbidden.html.erb within layouts/admin
  Rendered errors/forbidden.html.erb within layouts/admin (Duration: 4.2ms | Allocations: 129)
[Webpacker] Everything's up-to-date. Nothing to do
  Rendered shared/_header.html.erb (Duration: 1.3ms | Allocations: 82)
  Rendered shared/_footer.html.erb (Duration: 2.2ms | Allocations: 81)
Completed 403 Forbidden in 190ms (Views: 189.2ms | ActiveRecord: 0.0ms | Allocations: 10472)


Started GET "/admin" for 172.19.0.1 at 2021-02-20 09:15:56 +0000
Processing by Admin::TopController#index as HTML
  Rendering errors/forbidden.html.erb within layouts/admin
  Rendered errors/forbidden.html.erb within layouts/admin (Duration: 0.1ms | Allocations: 6)
[Webpacker] Everything's up-to-date. Nothing to do
  Rendered shared/_header.html.erb (Duration: 0.1ms | Allocations: 6)
  Rendered shared/_footer.html.erb (Duration: 0.0ms | Allocations: 5)
Completed 403 Forbidden in 55ms (Views: 54.0ms | ActiveRecord: 0.0ms | Allocations: 4101)


DEPRECATION WARNING: The config.web_console.whitelisted_ips is deprecated and will be ignored in future release of web_console. Please use config.web_console.allowed_ips instead. (called from <main> at /apps/baukis2/config/environment.rb:5)
DEPRECATION WARNING: The config.web_console.whitelisted_ips is deprecated and will be ignored in future release of web_console. Please use config.web_console.allowed_ips instead. (called from <main> at /apps/baukis2/config/environment.rb:5)
DEPRECATION WARNING: The config.web_console.whitelisted_ips is deprecated and will be ignored in future release of web_console. Please use config.web_console.allowed_ips instead. (called from <main> at /apps/baukis2/config/environment.rb:5)
DEPRECATION WARNING: The config.web_console.whitelisted_ips is deprecated and will be ignored in future release of web_console. Please use config.web_console.allowed_ips instead. (called from <main> at /apps/baukis2/config/environment.rb:5)
Started GET "/xyz" for 172.19.0.1 at 2021-02-20 09:31:49 +0000
  
ActionController::RoutingError (No route matches [GET] "/xyz"):
  
actionpack (6.0.3.5) lib/action_dispatch/middleware/debug_exceptions.rb:36:in `call'
web-console (4.1.0) lib/web_console/middleware.rb:132:in `call_app'
web-console (4.1.0) lib/web_console/middleware.rb:28:in `block in call'
web-console (4.1.0) lib/web_console/middleware.rb:17:in `catch'
web-console (4.1.0) lib/web_console/middleware.rb:17:in `call'
actionpack (6.0.3.5) lib/action_dispatch/middleware/show_exceptions.rb:33:in `call'
railties (6.0.3.5) lib/rails/rack/logger.rb:37:in `call_app'
railties (6.0.3.5) lib/rails/rack/logger.rb:26:in `block in call'
activesupport (6.0.3.5) lib/active_support/tagged_logging.rb:80:in `block in tagged'
activesupport (6.0.3.5) lib/active_support/tagged_logging.rb:28:in `tagged'
activesupport (6.0.3.5) lib/active_support/tagged_logging.rb:80:in `tagged'
railties (6.0.3.5) lib/rails/rack/logger.rb:26:in `call'
sprockets-rails (3.2.2) lib/sprockets/rails/quiet_assets.rb:13:in `call'
actionpack (6.0.3.5) lib/action_dispatch/middleware/remote_ip.rb:81:in `call'
actionpack (6.0.3.5) lib/action_dispatch/middleware/request_id.rb:27:in `call'
rack (2.2.3) lib/rack/method_override.rb:24:in `call'
rack (2.2.3) lib/rack/runtime.rb:22:in `call'
activesupport (6.0.3.5) lib/active_support/cache/strategy/local_cache_middleware.rb:29:in `call'
actionpack (6.0.3.5) lib/action_dispatch/middleware/executor.rb:14:in `call'
actionpack (6.0.3.5) lib/action_dispatch/middleware/static.rb:126:in `call'
rack (2.2.3) lib/rack/sendfile.rb:110:in `call'
actionpack (6.0.3.5) lib/action_dispatch/middleware/host_authorization.rb:82:in `call'
webpacker (4.3.0) lib/webpacker/dev_server_proxy.rb:23:in `perform_request'
rack-proxy (0.6.5) lib/rack/proxy.rb:57:in `call'
railties (6.0.3.5) lib/rails/engine.rb:527:in `call'
puma (4.3.7) lib/puma/configuration.rb:228:in `call'
puma (4.3.7) lib/puma/server.rb:713:in `handle_request'
puma (4.3.7) lib/puma/server.rb:472:in `process_client'
puma (4.3.7) lib/puma/server.rb:328:in `block in run'
puma (4.3.7) lib/puma/thread_pool.rb:134:in `block in spawn_thread'
DEPRECATION WARNING: The config.web_console.whitelisted_ips is deprecated and will be ignored in future release of web_console. Please use config.web_console.allowed_ips instead. (called from <main> at /apps/baukis2/config/environment.rb:5)
Started GET "/xyz" for 172.19.0.1 at 2021-02-20 09:33:16 +0000
  
ActionController::RoutingError (No route matches [GET] "/xyz"):
  
actionpack (6.0.3.5) lib/action_dispatch/middleware/debug_exceptions.rb:36:in `call'
web-console (4.1.0) lib/web_console/middleware.rb:132:in `call_app'
web-console (4.1.0) lib/web_console/middleware.rb:28:in `block in call'
web-console (4.1.0) lib/web_console/middleware.rb:17:in `catch'
web-console (4.1.0) lib/web_console/middleware.rb:17:in `call'
actionpack (6.0.3.5) lib/action_dispatch/middleware/show_exceptions.rb:33:in `call'
railties (6.0.3.5) lib/rails/rack/logger.rb:37:in `call_app'
railties (6.0.3.5) lib/rails/rack/logger.rb:26:in `block in call'
activesupport (6.0.3.5) lib/active_support/tagged_logging.rb:80:in `block in tagged'
activesupport (6.0.3.5) lib/active_support/tagged_logging.rb:28:in `tagged'
activesupport (6.0.3.5) lib/active_support/tagged_logging.rb:80:in `tagged'
railties (6.0.3.5) lib/rails/rack/logger.rb:26:in `call'
sprockets-rails (3.2.2) lib/sprockets/rails/quiet_assets.rb:13:in `call'
actionpack (6.0.3.5) lib/action_dispatch/middleware/remote_ip.rb:81:in `call'
actionpack (6.0.3.5) lib/action_dispatch/middleware/request_id.rb:27:in `call'
rack (2.2.3) lib/rack/method_override.rb:24:in `call'
rack (2.2.3) lib/rack/runtime.rb:22:in `call'
activesupport (6.0.3.5) lib/active_support/cache/strategy/local_cache_middleware.rb:29:in `call'
actionpack (6.0.3.5) lib/action_dispatch/middleware/executor.rb:14:in `call'
actionpack (6.0.3.5) lib/action_dispatch/middleware/static.rb:126:in `call'
rack (2.2.3) lib/rack/sendfile.rb:110:in `call'
actionpack (6.0.3.5) lib/action_dispatch/middleware/host_authorization.rb:82:in `call'
webpacker (4.3.0) lib/webpacker/dev_server_proxy.rb:23:in `perform_request'
rack-proxy (0.6.5) lib/rack/proxy.rb:57:in `call'
railties (6.0.3.5) lib/rails/engine.rb:527:in `call'
puma (4.3.7) lib/puma/configuration.rb:228:in `call'
puma (4.3.7) lib/puma/server.rb:713:in `handle_request'
puma (4.3.7) lib/puma/server.rb:472:in `process_client'
puma (4.3.7) lib/puma/server.rb:328:in `block in run'
puma (4.3.7) lib/puma/thread_pool.rb:134:in `block in spawn_thread'
Started GET "/admin" for 172.19.0.1 at 2021-02-20 09:33:19 +0000
Processing by Admin::TopController#index as HTML
  Rendering admin/top/index.html.erb within layouts/admin
  Rendered admin/top/index.html.erb within layouts/admin (Duration: 2.2ms | Allocations: 115)
[Webpacker] Everything's up-to-date. Nothing to do
  Rendered shared/_header.html.erb (Duration: 1.9ms | Allocations: 85)
  Rendered shared/_footer.html.erb (Duration: 1.6ms | Allocations: 84)
Completed 200 OK in 229ms (Views: 228.1ms | ActiveRecord: 0.0ms | Allocations: 11955)


Started GET "/staff" for 172.19.0.1 at 2021-02-20 09:33:22 +0000
Processing by Staff::TopController#index as HTML
  Rendering staff/top/index.html.erb within layouts/staff
  Rendered staff/top/index.html.erb within layouts/staff (Duration: 2.0ms | Allocations: 111)
[Webpacker] Everything's up-to-date. Nothing to do
  Rendered shared/_header.html.erb (Duration: 0.0ms | Allocations: 6)
  Rendered shared/_footer.html.erb (Duration: 0.0ms | Allocations: 5)
Completed 200 OK in 64ms (Views: 63.4ms | ActiveRecord: 0.0ms | Allocations: 4832)


Started GET "/stafe" for 172.19.0.1 at 2021-02-20 09:33:26 +0000
  
ActionController::RoutingError (No route matches [GET] "/stafe"):
  
actionpack (6.0.3.5) lib/action_dispatch/middleware/debug_exceptions.rb:36:in `call'
web-console (4.1.0) lib/web_console/middleware.rb:132:in `call_app'
web-console (4.1.0) lib/web_console/middleware.rb:28:in `block in call'
web-console (4.1.0) lib/web_console/middleware.rb:17:in `catch'
web-console (4.1.0) lib/web_console/middleware.rb:17:in `call'
actionpack (6.0.3.5) lib/action_dispatch/middleware/show_exceptions.rb:33:in `call'
railties (6.0.3.5) lib/rails/rack/logger.rb:37:in `call_app'
railties (6.0.3.5) lib/rails/rack/logger.rb:26:in `block in call'
activesupport (6.0.3.5) lib/active_support/tagged_logging.rb:80:in `block in tagged'
activesupport (6.0.3.5) lib/active_support/tagged_logging.rb:28:in `tagged'
activesupport (6.0.3.5) lib/active_support/tagged_logging.rb:80:in `tagged'
railties (6.0.3.5) lib/rails/rack/logger.rb:26:in `call'
sprockets-rails (3.2.2) lib/sprockets/rails/quiet_assets.rb:13:in `call'
actionpack (6.0.3.5) lib/action_dispatch/middleware/remote_ip.rb:81:in `call'
actionpack (6.0.3.5) lib/action_dispatch/middleware/request_id.rb:27:in `call'
rack (2.2.3) lib/rack/method_override.rb:24:in `call'
rack (2.2.3) lib/rack/runtime.rb:22:in `call'
activesupport (6.0.3.5) lib/active_support/cache/strategy/local_cache_middleware.rb:29:in `call'
actionpack (6.0.3.5) lib/action_dispatch/middleware/executor.rb:14:in `call'
actionpack (6.0.3.5) lib/action_dispatch/middleware/static.rb:126:in `call'
rack (2.2.3) lib/rack/sendfile.rb:110:in `call'
actionpack (6.0.3.5) lib/action_dispatch/middleware/host_authorization.rb:82:in `call'
webpacker (4.3.0) lib/webpacker/dev_server_proxy.rb:23:in `perform_request'
rack-proxy (0.6.5) lib/rack/proxy.rb:57:in `call'
railties (6.0.3.5) lib/rails/engine.rb:527:in `call'
puma (4.3.7) lib/puma/configuration.rb:228:in `call'
puma (4.3.7) lib/puma/server.rb:713:in `handle_request'
puma (4.3.7) lib/puma/server.rb:472:in `process_client'
puma (4.3.7) lib/puma/server.rb:328:in `block in run'
puma (4.3.7) lib/puma/thread_pool.rb:134:in `block in spawn_thread'
Started GET "/aaa" for 172.19.0.1 at 2021-02-20 09:35:25 +0000
  
ActionController::RoutingError (No route matches [GET] "/aaa"):
  
actionpack (6.0.3.5) lib/action_dispatch/middleware/debug_exceptions.rb:36:in `call'
web-console (4.1.0) lib/web_console/middleware.rb:132:in `call_app'
web-console (4.1.0) lib/web_console/middleware.rb:28:in `block in call'
web-console (4.1.0) lib/web_console/middleware.rb:17:in `catch'
web-console (4.1.0) lib/web_console/middleware.rb:17:in `call'
actionpack (6.0.3.5) lib/action_dispatch/middleware/show_exceptions.rb:33:in `call'
railties (6.0.3.5) lib/rails/rack/logger.rb:37:in `call_app'
railties (6.0.3.5) lib/rails/rack/logger.rb:26:in `block in call'
activesupport (6.0.3.5) lib/active_support/tagged_logging.rb:80:in `block in tagged'
activesupport (6.0.3.5) lib/active_support/tagged_logging.rb:28:in `tagged'
activesupport (6.0.3.5) lib/active_support/tagged_logging.rb:80:in `tagged'
railties (6.0.3.5) lib/rails/rack/logger.rb:26:in `call'
sprockets-rails (3.2.2) lib/sprockets/rails/quiet_assets.rb:13:in `call'
actionpack (6.0.3.5) lib/action_dispatch/middleware/remote_ip.rb:81:in `call'
actionpack (6.0.3.5) lib/action_dispatch/middleware/request_id.rb:27:in `call'
rack (2.2.3) lib/rack/method_override.rb:24:in `call'
rack (2.2.3) lib/rack/runtime.rb:22:in `call'
activesupport (6.0.3.5) lib/active_support/cache/strategy/local_cache_middleware.rb:29:in `call'
actionpack (6.0.3.5) lib/action_dispatch/middleware/executor.rb:14:in `call'
actionpack (6.0.3.5) lib/action_dispatch/middleware/static.rb:126:in `call'
rack (2.2.3) lib/rack/sendfile.rb:110:in `call'
actionpack (6.0.3.5) lib/action_dispatch/middleware/host_authorization.rb:82:in `call'
webpacker (4.3.0) lib/webpacker/dev_server_proxy.rb:23:in `perform_request'
rack-proxy (0.6.5) lib/rack/proxy.rb:57:in `call'
railties (6.0.3.5) lib/rails/engine.rb:527:in `call'
puma (4.3.7) lib/puma/configuration.rb:228:in `call'
puma (4.3.7) lib/puma/server.rb:713:in `handle_request'
puma (4.3.7) lib/puma/server.rb:472:in `process_client'
puma (4.3.7) lib/puma/server.rb:328:in `block in run'
puma (4.3.7) lib/puma/thread_pool.rb:134:in `block in spawn_thread'
DEPRECATION WARNING: The config.web_console.whitelisted_ips is deprecated and will be ignored in future release of web_console. Please use config.web_console.allowed_ips instead. (called from <main> at /apps/baukis2/config/environment.rb:5)
DEPRECATION WARNING: The config.web_console.whitelisted_ips is deprecated and will be ignored in future release of web_console. Please use config.web_console.allowed_ips instead. (called from <main> at /apps/baukis2/config/environment.rb:5)
